c:\users\carlo\documents\github\mfc\breakout\breakout\debug\breakout.pch
c:\users\carlo\documents\github\mfc\breakout\breakout\debug\vc140.pdb
c:\users\carlo\documents\github\mfc\breakout\breakout\debug\vc140.idb
c:\users\carlo\documents\github\mfc\breakout\breakout\debug\stdafx.obj
c:\users\carlo\documents\github\mfc\breakout\breakout\debug\ball.obj
c:\users\carlo\documents\github\mfc\breakout\breakout\debug\breakout.obj
c:\users\carlo\documents\github\mfc\breakout\breakout\debug\breakoutdoc.obj
c:\users\carlo\documents\github\mfc\breakout\breakout\debug\breakoutview.obj
c:\users\carlo\documents\github\mfc\breakout\breakout\debug\brick.obj
c:\users\carlo\documents\github\mfc\breakout\breakout\debug\mainfrm.obj
c:\users\carlo\documents\github\mfc\breakout\breakout\debug\player.obj
c:\users\carlo\documents\github\mfc\breakout\debug\breakout.ilk
c:\users\carlo\documents\github\mfc\breakout\debug\breakout.exe
c:\users\carlo\documents\github\mfc\breakout\debug\breakout.pdb
c:\users\carlo\documents\github\mfc\breakout\breakout\debug\breakout.res
c:\users\carlo\documents\github\mfc\breakout\breakout\debug\breakout.tlog\cl.command.1.tlog
c:\users\carlo\documents\github\mfc\breakout\breakout\debug\breakout.tlog\cl.read.1.tlog
c:\users\carlo\documents\github\mfc\breakout\breakout\debug\breakout.tlog\cl.write.1.tlog
c:\users\carlo\documents\github\mfc\breakout\breakout\debug\breakout.tlog\link.command.1.tlog
c:\users\carlo\documents\github\mfc\breakout\breakout\debug\breakout.tlog\link.read.1.tlog
c:\users\carlo\documents\github\mfc\breakout\breakout\debug\breakout.tlog\link.write.1.tlog
c:\users\carlo\documents\github\mfc\breakout\breakout\debug\breakout.tlog\rc.command.1.tlog
c:\users\carlo\documents\github\mfc\breakout\breakout\debug\breakout.tlog\rc.read.1.tlog
c:\users\carlo\documents\github\mfc\breakout\breakout\debug\breakout.tlog\rc.write.1.tlog
